Arguments: 
  C:\Program Files\nodejs\node.exe C:\Users\rasaf\.yarn\releases\yarn-1.22.19.cjs install

PATH: 
  C:\Program Files\ImageMagick-7.1.0-Q16-HDRI;C:\Python310\Scripts\;C:\Python310\;C:\WINDOWS\system32;C:\WINDOWS;C:\WINDOWS\System32\Wbem;C:\WINDOWS\System32\WindowsPowerShell\v1.0\;C:\WINDOWS\System32\OpenSSH\;C:\ProgramData\chocolatey\bin;C:\Program Files\Git\cmd;C:\Program Files\dotnet\;C:\Program Files\PuTTY\;C:\Program Files\OpenSSL-Win64\bin;C:\Program Files\MongoDB\Server\6.0\bin;C:\Program Files\mongosh-1.6.0\bin;C:\Users\rasaf\AppData\Roaming\nvm;C:\Program Files\nodejs;C:\Users\rasaf\.console-ninja\.bin;C:\Users\rasaf\.console-ninja\.bin;C:\Users\rasaf\scoop\shims;C:\Users\rasaf\AppData\Local\Microsoft\WindowsApps;C:\Users\rasaf\AppData\Local\Programs\Microsoft VS Code\bin;C:\Users\rasaf\AppData\Local\GitHubDesktop\bin;C:\Program Files (x86)\GitHub CLI\;C:\Users\rasaf\.deta\bin;C:\Users\rasaf\AppData\Local\Microsoft\WindowsApps;C:\Users\rasaf\AppData\Roaming\nvm;C:\Program Files\nodejs

Yarn version: 
  1.22.19

Node version: 
  18.16.0

Platform: 
  win32 x64

Trace: 
  Error: EPERM: operation not permitted, unlink 'D:\_Projects\_GitHub Repositories\Public Repo\Projects for Portfolio\rich-text-editor-for-react\Documentation\node_modules\@napi-rs\simple-git-win32-x64-msvc\simple-git.win32-x64-msvc.node'

npm manifest: 
  {
      "name": "rich-text-editor-for-react-docs",
      "description": "Documentation of rich-text-editor-for-react",
      "author": "Rasaf Ibrahim",
      "license": "MIT",
      "repository": {
          "type": "git",
          "url": "https://github.com/Rasaf-Ibrahim/rich-text-editor-for-react"
      },
      "scripts": {
          "dev": "next dev",
          "build": "next build",
          "start": "next start"
      },
      "dependencies": {
          "@emotion/react": "^11.11.1",
          "@emotion/styled": "^11.11.0",
          "next": "^13.0.6",
          "nextra": "latest",
          "nextra-theme-docs": "latest",
          "react": "^18.2.0",
          "react-dom": "^18.2.0",
          "react-icons": "^4.10.1"
      },
      "devDependencies": {
          "@types/node": "20.3.1",
          "typescript": "^4.9.3"
      },
      "resolutions": {
          "@types/node": "18.11.10"
      },
      "version": "0.0.5"
  }

yarn manifest: 
  No manifest

Lockfile: 
  No lockfile
